<?xml version="1.0" encoding="UTF-8"?>
<testng-results skipped="0" failed="1" total="4" passed="3">
  <reporter-output>
  </reporter-output>
  <suite name="Suite" duration-ms="45887" started-at="2019-04-06T07:37:30Z" finished-at="2019-04-06T07:38:16Z">
    <groups>
    </groups>
    <test name="validating title" duration-ms="15004" started-at="2019-04-06T07:37:30Z" finished-at="2019-04-06T07:37:45Z">
      <class name="Academy.validateTitle">
        <test-method status="PASS" signature="initialize()[pri:0, instance:Academy.validateTitle@fd07cbb]" name="initialize" is-config="true" duration-ms="10650" started-at="2019-04-06T13:07:30Z" finished-at="2019-04-06T13:07:41Z">
          <reporter-output>
          </reporter-output>
        </test-method> <!-- initialize -->
        <test-method status="FAIL" signature="basePageNavigation()[pri:0, instance:Academy.validateTitle@fd07cbb]" name="basePageNavigation" duration-ms="193" started-at="2019-04-06T13:07:41Z" finished-at="2019-04-06T13:07:41Z">
          <exception class="java.lang.AssertionError">
            <message>
              <![CDATA[expected [FEATURED COURSES123] but found [FEATURED COURSES]]]>
            </message>
            <full-stacktrace>
              <![CDATA[java.lang.AssertionError: expected [FEATURED COURSES123] but found [FEATURED COURSES]
	at org.testng.Assert.fail(Assert.java:94)
	at org.testng.Assert.failNotEquals(Assert.java:494)
	at org.testng.Assert.assertEquals(Assert.java:123)
	at org.testng.Assert.assertEquals(Assert.java:176)
	at org.testng.Assert.assertEquals(Assert.java:186)
	at Academy.validateTitle.basePageNavigation(validateTitle.java:30)
	at sun.reflect.NativeMethodAccessorImpl.invoke0(Native Method)
	at sun.reflect.NativeMethodAccessorImpl.invoke(NativeMethodAccessorImpl.java:62)
	at sun.reflect.DelegatingMethodAccessorImpl.invoke(DelegatingMethodAccessorImpl.java:43)
	at java.lang.reflect.Method.invoke(Method.java:498)
	at org.testng.internal.MethodInvocationHelper.invokeMethod(MethodInvocationHelper.java:80)
	at org.testng.internal.Invoker.invokeMethod(Invoker.java:714)
	at org.testng.internal.Invoker.invokeTestMethod(Invoker.java:901)
	at org.testng.internal.Invoker.invokeTestMethods(Invoker.java:1231)
	at org.testng.internal.TestMethodWorker.invokeTestMethods(TestMethodWorker.java:127)
	at org.testng.internal.TestMethodWorker.run(TestMethodWorker.java:111)
	at org.testng.TestRunner.privateRun(TestRunner.java:767)
	at org.testng.TestRunner.run(TestRunner.java:617)
	at org.testng.SuiteRunner.runTest(SuiteRunner.java:334)
	at org.testng.SuiteRunner.runSequentially(SuiteRunner.java:329)
	at org.testng.SuiteRunner.privateRun(SuiteRunner.java:291)
	at org.testng.SuiteRunner.run(SuiteRunner.java:240)
	at org.testng.SuiteRunnerWorker.runSuite(SuiteRunnerWorker.java:52)
	at org.testng.SuiteRunnerWorker.run(SuiteRunnerWorker.java:86)
	at org.testng.TestNG.runSuitesSequentially(TestNG.java:1198)
	at org.testng.TestNG.runSuitesLocally(TestNG.java:1123)
	at org.testng.TestNG.run(TestNG.java:1031)
	at org.testng.remote.AbstractRemoteTestNG.run(AbstractRemoteTestNG.java:114)
	at org.testng.remote.RemoteTestNG.initAndRun(RemoteTestNG.java:251)
	at org.testng.remote.RemoteTestNG.main(RemoteTestNG.java:77)
]]>
            </full-stacktrace>
          </exception> <!-- java.lang.AssertionError -->
          <reporter-output>
          </reporter-output>
        </test-method> <!-- basePageNavigation -->
        <test-method status="PASS" signature="sample()[pri:0, instance:Academy.validateTitle@fd07cbb]" name="sample" duration-ms="64" started-at="2019-04-06T13:07:42Z" finished-at="2019-04-06T13:07:43Z">
          <reporter-output>
          </reporter-output>
        </test-method> <!-- sample -->
        <test-method status="PASS" signature="tearDown()[pri:0, instance:Academy.validateTitle@fd07cbb]" name="tearDown" is-config="true" duration-ms="2357" started-at="2019-04-06T13:07:43Z" finished-at="2019-04-06T13:07:45Z">
          <reporter-output>
          </reporter-output>
        </test-method> <!-- tearDown -->
      </class> <!-- Academy.validateTitle -->
    </test> <!-- validating title -->
    <test name="login with multiple data" duration-ms="30835" started-at="2019-04-06T07:37:45Z" finished-at="2019-04-06T07:38:16Z">
      <class name="Academy.homePage">
        <test-method status="PASS" signature="initialize()[pri:0, instance:Academy.homePage@4f67eb2a]" name="initialize" is-config="true" duration-ms="4227" started-at="2019-04-06T13:07:45Z" finished-at="2019-04-06T13:07:49Z">
          <reporter-output>
          </reporter-output>
        </test-method> <!-- initialize -->
        <test-method status="PASS" signature="basePageNavigation(java.lang.String, java.lang.String, java.lang.String)[pri:0, instance:Academy.homePage@4f67eb2a]" name="basePageNavigation" duration-ms="15571" started-at="2019-04-06T13:07:49Z" data-provider="getData" finished-at="2019-04-06T13:08:05Z">
          <params>
            <param index="0">
              <value>
                <![CDATA[NonRestrictedUser@qw.com]]>
              </value>
            </param>
            <param index="1">
              <value>
                <![CDATA[123456]]>
              </value>
            </param>
            <param index="2">
              <value>
                <![CDATA[Restricted User]]>
              </value>
            </param>
          </params>
          <reporter-output>
          </reporter-output>
        </test-method> <!-- basePageNavigation -->
        <test-method status="PASS" signature="basePageNavigation(java.lang.String, java.lang.String, java.lang.String)[pri:0, instance:Academy.homePage@4f67eb2a]" name="basePageNavigation" duration-ms="10900" started-at="2019-04-06T13:08:05Z" data-provider="getData" finished-at="2019-04-06T13:08:16Z">
          <params>
            <param index="0">
              <value>
                <![CDATA[RestrictedUser@qw.com]]>
              </value>
            </param>
            <param index="1">
              <value>
                <![CDATA[123456]]>
              </value>
            </param>
            <param index="2">
              <value>
                <![CDATA[Non Restricted User]]>
              </value>
            </param>
          </params>
          <reporter-output>
          </reporter-output>
        </test-method> <!-- basePageNavigation -->
        <test-method status="PASS" signature="tearDown()[pri:0, instance:Academy.homePage@4f67eb2a]" name="tearDown" is-config="true" duration-ms="122" started-at="2019-04-06T13:08:16Z" finished-at="2019-04-06T13:08:16Z">
          <reporter-output>
          </reporter-output>
        </test-method> <!-- tearDown -->
      </class> <!-- Academy.homePage -->
    </test> <!-- login with multiple data -->
  </suite> <!-- Suite -->
</testng-results>
